# JRE version: Java(TM) SE Runtime Environment (8.0_211-b12) (build 1.8.0_211-b12)
# Java VM: Java HotSpot(TM) 64-Bit Server VM (25.211-b12 mixed mode windows-amd64 compressed oops)
Heap:
 PSYoungGen      total 1226240K, used 176193K [0x000000076af00000, 0x00000007c0000000, 0x00000007c0000000)
  eden space 1115648K, 7% used [0x000000076af00000,0x0000000770628468,0x00000007af080000)
  from space 110592K, 78% used [0x00000007af080000,0x00000007b4568000,0x00000007b5c80000)
  to   space 112640K, 0% used [0x00000007b9200000,0x00000007b9200000,0x00000007c0000000)
 ParOldGen       total 225280K, used 141350K [0x00000006c0c00000, 0x00000006ce800000, 0x000000076af00000)
  object space 225280K, 62% used [0x00000006c0c00000,0x00000006c9609ba0,0x00000006ce800000)
 Metaspace       used 20763K, capacity 20992K, committed 21296K, reserved 1067008K
  class space    used 2804K, capacity 2895K, committed 2944K, reserved 1048576K
GC Heap History (10 events):
Event: 2848.032 GC heap before
{Heap before GC invocations=1314 (full 17):
 PSYoungGen      total 1273344K, used 1243008K [0x000000076af00000, 0x00000007bff00000, 0x00000007c0000000)
  eden space 1156096K, 100% used [0x000000076af00000,0x00000007b1800000,0x00000007b1800000)
  from space 117248K, 74% used [0x00000007b8c80000,0x00000007be160000,0x00000007bff00000)
  to   space 118272K, 0% used [0x00000007b1800000,0x00000007b1800000,0x00000007b8b80000)
 ParOldGen       total 225280K, used 141350K [0x00000006c0c00000, 0x00000006ce800000, 0x000000076af00000)
  object space 225280K, 62% used [0x00000006c0c00000,0x00000006c9609ba0,0x00000006ce800000)
 Metaspace       used 20763K, capacity 20992K, committed 21296K, reserved 1067008K
  class space    used 2804K, capacity 2895K, committed 2944K, reserved 1048576K
Event: 2848.068 GC heap after
Heap after GC invocations=1314 (full 17):
 PSYoungGen      total 1230336K, used 73952K [0x000000076af00000, 0x00000007bfa00000, 0x00000007c0000000)
  eden space 1156096K, 0% used [0x000000076af00000,0x000000076af00000,0x00000007b1800000)
  from space 74240K, 99% used [0x00000007b1800000,0x00000007b6038000,0x00000007b6080000)
  to   space 114688K, 0% used [0x00000007b8a00000,0x00000007b8a00000,0x00000007bfa00000)
 ParOldGen       total 225280K, used 141350K [0x00000006c0c00000, 0x00000006ce800000, 0x000000076af00000)
  object space 225280K, 62% used [0x00000006c0c00000,0x00000006c9609ba0,0x00000006ce800000)
 Metaspace       used 20763K, capacity 20992K, committed 21296K, reserved 1067008K
  class space    used 2804K, capacity 2895K, committed 2944K, reserved 1048576K
}
Event: 2852.097 GC heap before
{Heap before GC invocations=1315 (full 17):
 PSYoungGen      total 1230336K, used 1230048K [0x000000076af00000, 0x00000007bfa00000, 0x00000007c0000000)
  eden space 1156096K, 100% used [0x000000076af00000,0x00000007b1800000,0x00000007b1800000)
  from space 74240K, 99% used [0x00000007b1800000,0x00000007b6038000,0x00000007b6080000)
  to   space 114688K, 0% used [0x00000007b8a00000,0x00000007b8a00000,0x00000007bfa00000)
 ParOldGen       total 225280K, used 141350K [0x00000006c0c00000, 0x00000006ce800000, 0x000000076af00000)
  object space 225280K, 62% used [0x00000006c0c00000,0x00000006c9609ba0,0x00000006ce800000)
 Metaspace       used 20763K, capacity 20992K, committed 21296K, reserved 1067008K
  class space    used 2804K, capacity 2895K, committed 2944K, reserved 1048576K
Event: 2852.131 GC heap after
Heap after GC invocations=1315 (full 17):
 PSYoungGen      total 1273856K, used 59456K [0x000000076af00000, 0x00000007c0000000, 0x00000007c0000000)
  eden space 1159168K, 0% used [0x000000076af00000,0x000000076af00000,0x00000007b1b00000)
  from space 114688K, 51% used [0x00000007b8a00000,0x00000007bc410000,0x00000007bfa00000)
  to   space 113664K, 0% used [0x00000007b1b00000,0x00000007b1b00000,0x00000007b8a00000)
 ParOldGen       total 225280K, used 141350K [0x00000006c0c00000, 0x00000006ce800000, 0x000000076af00000)
  object space 225280K, 62% used [0x00000006c0c00000,0x00000006c9609ba0,0x00000006ce800000)
 Metaspace       used 20763K, capacity 20992K, committed 21296K, reserved 1067008K
  class space    used 2804K, capacity 2895K, committed 2944K, reserved 1048576K
}
Event: 2856.237 GC heap before
{Heap before GC invocations=1316 (full 17):
 PSYoungGen      total 1273856K, used 1218624K [0x000000076af00000, 0x00000007c0000000, 0x00000007c0000000)
  eden space 1159168K, 100% used [0x000000076af00000,0x00000007b1b00000,0x00000007b1b00000)
  from space 114688K, 51% used [0x00000007b8a00000,0x00000007bc410000,0x00000007bfa00000)
  to   space 113664K, 0% used [0x00000007b1b00000,0x00000007b1b00000,0x00000007b8a00000)
 ParOldGen       total 225280K, used 141350K [0x00000006c0c00000, 0x00000006ce800000, 0x000000076af00000)
  object space 225280K, 62% used [0x00000006c0c00000,0x00000006c9609ba0,0x00000006ce800000)
 Metaspace       used 20763K, capacity 20992K, committed 21296K, reserved 1067008K
  class space    used 2804K, capacity 2895K, committed 2944K, reserved 1048576K
Event: 2856.265 GC heap after
Heap after GC invocations=1316 (full 17):
 PSYoungGen      total 1272832K, used 58560K [0x000000076af00000, 0x00000007bfc00000, 0x00000007c0000000)
  eden space 1159168K, 0% used [0x000000076af00000,0x000000076af00000,0x00000007b1b00000)
  from space 113664K, 51% used [0x00000007b1b00000,0x00000007b5430000,0x00000007b8a00000)
  to   space 112128K, 0% used [0x00000007b8e80000,0x00000007b8e80000,0x00000007bfc00000)
 ParOldGen       total 225280K, used 141350K [0x00000006c0c00000, 0x00000006ce800000, 0x000000076af00000)
  object space 225280K, 62% used [0x00000006c0c00000,0x00000006c9609ba0,0x00000006ce800000)
 Metaspace       used 20763K, capacity 20992K, committed 21296K, reserved 1067008K
  class space    used 2804K, capacity 2895K, committed 2944K, reserved 1048576K
}
Event: 2860.359 GC heap before
{Heap before GC invocations=1317 (full 17):
 PSYoungGen      total 1272832K, used 1217728K [0x000000076af00000, 0x00000007bfc00000, 0x00000007c0000000)
  eden space 1159168K, 100% used [0x000000076af00000,0x00000007b1b00000,0x00000007b1b00000)
  from space 113664K, 51% used [0x00000007b1b00000,0x00000007b5430000,0x00000007b8a00000)
  to   space 112128K, 0% used [0x00000007b8e80000,0x00000007b8e80000,0x00000007bfc00000)
 ParOldGen       total 225280K, used 141350K [0x00000006c0c00000, 0x00000006ce800000, 0x000000076af00000)
  object space 225280K, 62% used [0x00000006c0c00000,0x00000006c9609ba0,0x00000006ce800000)
 Metaspace       used 20763K, capacity 20992K, committed 21296K, reserved 1067008K
  class space    used 2804K, capacity 2895K, committed 2944K, reserved 1048576K
Event: 2860.392 GC heap after
Heap after GC invocations=1317 (full 17):
 PSYoungGen      total 1165824K, used 59360K [0x000000076af00000, 0x00000007bc880000, 0x00000007c0000000)
  eden space 1106432K, 0% used [0x000000076af00000,0x000000076af00000,0x00000007ae780000)
  from space 59392K, 99% used [0x00000007b8e80000,0x00000007bc878000,0x00000007bc880000)
  to   space 110592K, 0% used [0x00000007af080000,0x00000007af080000,0x00000007b5c80000)
 ParOldGen       total 225280K, used 141350K [0x00000006c0c00000, 0x00000006ce800000, 0x000000076af00000)
  object space 225280K, 62% used [0x00000006c0c00000,0x00000006c9609ba0,0x00000006ce800000)
 Metaspace       used 20763K, capacity 20992K, committed 21296K, reserved 1067008K
  class space    used 2804K, capacity 2895K, committed 2944K, reserved 1048576K
}
Event: 2864.210 GC heap before
{Heap before GC invocations=1318 (full 17):
 PSYoungGen      total 1165824K, used 1165792K [0x000000076af00000, 0x00000007bc880000, 0x00000007c0000000)
  eden space 1106432K, 100% used [0x000000076af00000,0x00000007ae780000,0x00000007ae780000)
  from space 59392K, 99% used [0x00000007b8e80000,0x00000007bc878000,0x00000007bc880000)
  to   space 110592K, 0% used [0x00000007af080000,0x00000007af080000,0x00000007b5c80000)
 ParOldGen       total 225280K, used 141350K [0x00000006c0c00000, 0x00000006ce800000, 0x000000076af00000)
  object space 225280K, 62% used [0x00000006c0c00000,0x00000006c9609ba0,0x00000006ce800000)
 Metaspace       used 20763K, capacity 20992K, committed 21296K, reserved 1067008K
  class space    used 2804K, capacity 2895K, committed 2944K, reserved 1048576K
Event: 2864.259 GC heap after
Heap after GC invocations=1318 (full 17):
 PSYoungGen      total 1226240K, used 86944K [0x000000076af00000, 0x00000007c0000000, 0x00000007c0000000)
  eden space 1115648K, 0% used [0x000000076af00000,0x000000076af00000,0x00000007af080000)
  from space 110592K, 78% used [0x00000007af080000,0x00000007b4568000,0x00000007b5c80000)
  to   space 112640K, 0% used [0x00000007b9200000,0x00000007b9200000,0x00000007c0000000)
 ParOldGen       total 225280K, used 141350K [0x00000006c0c00000, 0x00000006ce800000, 0x000000076af00000)
  object space 225280K, 62% used [0x00000006c0c00000,0x00000006c9609ba0,0x00000006ce800000)
 Metaspace       used 20763K, capacity 20992K, committed 21296K, reserved 1067008K
  class space    used 2804K, capacity 2895K, committed 2944K, reserved 1048576K
}

